<?xml version="1.0" encoding="UTF-8"?>
<testng-results ignored="0" total="1" passed="1" failed="0" skipped="0">
  <reporter-output>
  </reporter-output>
  <suite started-at="2022-11-02T16:23:23 IST" name="Default suite" finished-at="2022-11-02T16:23:37 IST" duration-ms="13430">
    <groups>
    </groups>
    <test started-at="2022-11-02T16:23:23 IST" name="Default test" finished-at="2022-11-02T16:23:37 IST" duration-ms="13430">
      <class name="SeleniumGrid.Test1">
        <test-method signature="gridPractice()[pri:0, instance:SeleniumGrid.Test1@7e9131d5]" started-at="2022-11-02T16:23:24 IST" name="gridPractice" finished-at="2022-11-02T16:23:37 IST" duration-ms="13380" status="PASS">
          <reporter-output>
          </reporter-output>
        </test-method> <!-- gridPractice -->
      </class> <!-- SeleniumGrid.Test1 -->
    </test> <!-- Default test -->
  </suite> <!-- Default suite -->
</testng-results>
